<?xml version="1.0" encoding="UTF-8"?>
<!-- Generated by org.testng.reporters.JUnitReportReporter -->
<testsuite skipped="10" hostname="DESKTOP-G6T0SJ9" name="com.PrestaShop.test4.Ordering" tests="11" failures="0" timestamp="2020-01-30T20:54:23 MSK" time="20.265" errors="1">
  <testcase name="productProperties" time="0.000" classname="com.PrestaShop.test4.Ordering">
    <skipped/>
  </testcase> <!-- productProperties -->
  <testcase name="inputDeliveryAddressData" time="0.000" classname="com.PrestaShop.test4.Ordering">
    <skipped/>
  </testcase> <!-- inputDeliveryAddressData -->
  <testcase name="deliveryMethod" time="0.000" classname="com.PrestaShop.test4.Ordering">
    <skipped/>
  </testcase> <!-- deliveryMethod -->
  <testcase name="addingProductToCart" time="0.000" classname="com.PrestaShop.test4.Ordering">
    <skipped/>
  </testcase> <!-- addingProductToCart -->
  <testcase name="choiceOfRandomGoods" time="0.000" classname="com.PrestaShop.test4.Ordering">
    <skipped/>
  </testcase> <!-- choiceOfRandomGoods -->
  <testcase name="inputCustomerData" time="0.000" classname="com.PrestaShop.test4.Ordering">
    <skipped/>
  </testcase> <!-- inputCustomerData -->
  <testcase name="setUp" time="20.265" classname="com.PrestaShop.test4.Ordering">
    <error type="org.openqa.selenium.WebDriverException" message="An unknown server-side error occurred while processing the command. Original error: No Chromedriver found that can automate Chrome &#039;79.0.3945&#039;. See https://github.com/appium/appium/blob/master/docs/en/writing-running-appium/web/chromedriver.md for more details. You could also try to enable automated chromedrivers download server feature
Build info: version: &#039;3.141.59&#039;, revision: &#039;e82be7d358&#039;, time: &#039;2018-11-14T08:17:03&#039;
System info: host: &#039;DESKTOP-G6T0SJ9&#039;, ip: &#039;192.168.152.2&#039;, os.name: &#039;Windows 10&#039;, os.arch: &#039;amd64&#039;, os.version: &#039;10.0&#039;, java.version: &#039;1.8.0_231&#039;
Driver info: driver.version: RemoteWebDriver
remote stacktrace: UnknownError: An unknown server-side error occurred while processing the command. Original error: No Chromedriver found that can automate Chrome &#039;79.0.3945&#039;. See https://github.com/appium/appium/blob/master/docs/en/writing-running-appium/web/chromedriver.md for more details. You could also try to enable automated chromedrivers download server feature
    at getResponseForW3CError (C:\Users\Admin\AppData\Roaming\npm\node_modules\appium\node_modules\appium-base-driver\lib\protocol\errors.js:804:9)
    at asyncHandler (C:\Users\Admin\AppData\Roaming\npm\node_modules\appium\node_modules\appium-base-driver\lib\protocol\protocol.js:388:37)">
      <![CDATA[org.openqa.selenium.WebDriverException: An unknown server-side error occurred while processing the command. Original error: No Chromedriver found that can automate Chrome '79.0.3945'. See https://github.com/appium/appium/blob/master/docs/en/writing-running-appium/web/chromedriver.md for more details. You could also try to enable automated chromedrivers download server feature
Build info: version: '3.141.59', revision: 'e82be7d358', time: '2018-11-14T08:17:03'
System info: host: 'DESKTOP-G6T0SJ9', ip: '192.168.152.2', os.name: 'Windows 10', os.arch: 'amd64', os.version: '10.0', java.version: '1.8.0_231'
Driver info: driver.version: RemoteWebDriver
remote stacktrace: UnknownError: An unknown server-side error occurred while processing the command. Original error: No Chromedriver found that can automate Chrome '79.0.3945'. See https://github.com/appium/appium/blob/master/docs/en/writing-running-appium/web/chromedriver.md for more details. You could also try to enable automated chromedrivers download server feature
    at getResponseForW3CError (C:\Users\Admin\AppData\Roaming\npm\node_modules\appium\node_modules\appium-base-driver\lib\protocol\errors.js:804:9)
    at asyncHandler (C:\Users\Admin\AppData\Roaming\npm\node_modules\appium\node_modules\appium-base-driver\lib\protocol\protocol.js:388:37)
at sun.reflect.NativeConstructorAccessorImpl.newInstance0(Native Method)
at sun.reflect.NativeConstructorAccessorImpl.newInstance(Unknown Source)
at sun.reflect.DelegatingConstructorAccessorImpl.newInstance(Unknown Source)
at java.lang.reflect.Constructor.newInstance(Unknown Source)
at org.openqa.selenium.remote.W3CHandshakeResponse.lambda$errorHandler$0(W3CHandshakeResponse.java:62)
at org.openqa.selenium.remote.HandshakeResponse.lambda$getResponseFunction$0(HandshakeResponse.java:30)
at org.openqa.selenium.remote.ProtocolHandshake.lambda$createSession$0(ProtocolHandshake.java:126)
at java.util.stream.ReferencePipeline$3$1.accept(Unknown Source)
at java.util.Spliterators$ArraySpliterator.tryAdvance(Unknown Source)
at java.util.stream.ReferencePipeline.forEachWithCancel(Unknown Source)
at java.util.stream.AbstractPipeline.copyIntoWithCancel(Unknown Source)
at java.util.stream.AbstractPipeline.copyInto(Unknown Source)
at java.util.stream.AbstractPipeline.wrapAndCopyInto(Unknown Source)
at java.util.stream.FindOps$FindOp.evaluateSequential(Unknown Source)
at java.util.stream.AbstractPipeline.evaluate(Unknown Source)
at java.util.stream.ReferencePipeline.findFirst(Unknown Source)
at org.openqa.selenium.remote.ProtocolHandshake.createSession(ProtocolHandshake.java:128)
at org.openqa.selenium.remote.ProtocolHandshake.createSession(ProtocolHandshake.java:74)
at org.openqa.selenium.remote.HttpCommandExecutor.execute(HttpCommandExecutor.java:136)
at org.openqa.selenium.remote.RemoteWebDriver.execute(RemoteWebDriver.java:552)
at org.openqa.selenium.remote.RemoteWebDriver.startSession(RemoteWebDriver.java:213)
at org.openqa.selenium.remote.RemoteWebDriver.<init>(RemoteWebDriver.java:131)
at org.openqa.selenium.remote.RemoteWebDriver.<init>(RemoteWebDriver.java:144)
at com.PrestaShop.InitialConfiguration.InstanceDriver$1.addBrowser(InstanceDriver.java:30)
at com.PrestaShop.InitialConfiguration.InitialConfiguration.setUp(InitialConfiguration.java:31)
at sun.reflect.NativeMethodAccessorImpl.invoke0(Native Method)
at sun.reflect.NativeMethodAccessorImpl.invoke(Unknown Source)
at sun.reflect.DelegatingMethodAccessorImpl.invoke(Unknown Source)
at java.lang.reflect.Method.invoke(Unknown Source)
at org.testng.internal.MethodInvocationHelper.invokeMethod(MethodInvocationHelper.java:133)
at org.testng.internal.MethodInvocationHelper.invokeMethodConsideringTimeout(MethodInvocationHelper.java:62)
at org.testng.internal.ConfigInvoker.invokeConfigurationMethod(ConfigInvoker.java:340)
at org.testng.internal.ConfigInvoker.invokeConfigurations(ConfigInvoker.java:294)
at org.testng.SuiteRunner.privateRun(SuiteRunner.java:345)
at org.testng.SuiteRunner.run(SuiteRunner.java:304)
at org.testng.SuiteRunnerWorker.runSuite(SuiteRunnerWorker.java:53)
at org.testng.SuiteRunnerWorker.run(SuiteRunnerWorker.java:96)
at java.util.concurrent.ThreadPoolExecutor.runWorker(Unknown Source)
at java.util.concurrent.ThreadPoolExecutor$Worker.run(Unknown Source)
at java.lang.Thread.run(Unknown Source)
]]>
    </error>
  </testcase> <!-- setUp -->
  <testcase name="checkingPropertiesOrder" time="0.000" classname="com.PrestaShop.test4.Ordering">
    <skipped/>
  </testcase> <!-- checkingPropertiesOrder -->
  <testcase name="checkingPropertiesProduct" time="0.000" classname="com.PrestaShop.test4.Ordering">
    <skipped/>
  </testcase> <!-- checkingPropertiesProduct -->
  <testcase name="paymentMethod" time="0.000" classname="com.PrestaShop.test4.Ordering">
    <skipped/>
  </testcase> <!-- paymentMethod -->
  <testcase name="checkingQuantityProduct" time="0.000" classname="com.PrestaShop.test4.Ordering">
    <skipped/>
  </testcase> <!-- checkingQuantityProduct -->
</testsuite> <!-- com.PrestaShop.test4.Ordering -->
